0 info it worked if it ends with ok
1 verbose cli [ 'G:\\node\\node.exe',
1 verbose cli   'G:\\node\\node_modules\\npm\\bin\\npm-cli.js',
1 verbose cli   'start' ]
2 info using npm@3.10.10
3 info using node@v6.11.4
4 verbose run-script [ 'prestart', 'start', 'poststart' ]
5 info lifecycle eccsae@0.1.0~prestart: eccsae@0.1.0
6 silly lifecycle eccsae@0.1.0~prestart: no script for prestart, continuing
7 info lifecycle eccsae@0.1.0~start: eccsae@0.1.0
8 verbose lifecycle eccsae@0.1.0~start: unsafe-perm in lifecycle true
9 verbose lifecycle eccsae@0.1.0~start: PATH: G:\node\node_modules\npm\bin\node-gyp-bin;G:\node\portfolio\node_modules\.bin;C:\WINDOWS\system32;C:\WINDOWS;C:\WINDOWS\System32\Wbem;C:\WINDOWS\System32\WindowsPowerShell\v1.0\;G:\node\;C:\Program Files\Git\cmd;C:\Program Files (x86)\Brackets\command;C:\Users\Rajesh\AppData\Local\Microsoft\WindowsApps;C:\Users\Rajesh\AppData\Roaming\npm;C:\Users\Rajesh\AppData\Local\GitHubDesktop\bin;%USERPROFILE%\AppData\Local\Microsoft\WindowsApps;
10 verbose lifecycle eccsae@0.1.0~start: CWD: G:\node\portfolio
11 silly lifecycle eccsae@0.1.0~start: Args: [ '/d /s /c', 'react-scripts start' ]
12 verbose stack Error: kill ENOSYS
12 verbose stack     at Object.exports._errnoException (util.js:1020:11)
12 verbose stack     at process.kill (internal/process.js:191:18)
12 verbose stack     at process.listener (G:\node\node_modules\npm\node_modules\npmlog\node_modules\gauge\node_modules\signal-exit\index.js:86:15)
12 verbose stack     at emitNone (events.js:91:20)
12 verbose stack     at process.emit (events.js:185:7)
12 verbose stack     at processEmit (G:\node\node_modules\npm\node_modules\npmlog\node_modules\gauge\node_modules\signal-exit\index.js:146:32)
12 verbose stack     at processEmit (G:\node\node_modules\npm\node_modules\npm-registry-client\node_modules\npmlog\node_modules\gauge\node_modules\signal-exit\index.js:146:32)
12 verbose stack     at Signal.wrap.onsignal (internal/process.js:217:44)
13 verbose cwd G:\node\portfolio
14 error Windows_NT 10.0.16299
15 error argv "G:\\node\\node.exe" "G:\\node\\node_modules\\npm\\bin\\npm-cli.js" "start"
16 error node v6.11.4
17 error npm  v3.10.10
18 error code ENOSYS
19 error errno ENOSYS
20 error syscall kill
21 error kill ENOSYS
22 error If you need help, you may report this error at:
22 error     <https://github.com/npm/npm/issues>
23 verbose exit [ 1, true ]
